#
# There is insufficient memory for the Java Runtime Environment to continue.
# Native memory allocation (mmap) failed to map 268435456 bytes for Failed to commit area from 0x0000000700a00000 to 0x0000000710a00000 of length 268435456.
# Possible reasons:
#   The system is out of physical RAM or swap space
#   The process is running with CompressedOops enabled, and the Java Heap may be blocking the growth of the native heap
# Possible solutions:
#   Reduce memory load on the system
#   Increase physical memory or swap space
#   Check if swap backing store is full
#   Decrease Java heap size (-Xmx/-Xms)
#   Decrease number of Java threads
#   Decrease Java thread stack sizes (-Xss)
#   Set larger code cache with -XX:ReservedCodeCacheSize=
# This output file may be truncated or incomplete.
#
#  Out of Memory Error (./src/hotspot/os/windows/os_windows.cpp:3303), pid=15964, tid=13332
#
# JRE version:  (11.0.8+10) (build )
# Java VM: OpenJDK 64-Bit Server VM (11.0.8+10-b944.6842174, mixed mode, sharing, tiered, compressed oops, g1 gc, windows-amd64)
# No core dump will be written. Minidumps are not enabled by default on client versions of Windows
#

---------------  S U M M A R Y ------------

Command Line: org.jetbrains.kotlin.cli.jvm.K2JVMCompiler -Xallow-no-source-files -classpath E:\android\project\NewPracticeProject\app\build\intermediates\compile_and_runtime_not_namespaced_r_class_jar\debug\R.jar;C:\Users\Admin\.gradle\caches\transforms-2\files-2.1\768f4017ed5d90fdbee39c432ea961d3\jetified-activity-compose-1.3.0-alpha03-api.jar;C:\Users\Admin\.gradle\caches\transforms-2\files-2.1\8fbc55b4bcd0ef0d69b296e0ca850d4e\jetified-activity-ktx-1.3.0-alpha03-api.jar;C:\Users\Admin\.gradle\caches\transforms-2\files-2.1\4853222d9961a97a5505b2a76062d55b\jetified-core-ktx-1.2.0-api.jar;C:\Users\Admin\.gradle\caches\transforms-2\files-2.1\f3aa43329fa90a82682b791f153fbb39\jetified-compose-runtime-0.1.0-dev14-api.jar;C:\Users\Admin\.gradle\caches\transforms-2\files-2.1\4d5dfd2979608bf2093af2a8237add27\jetified-ui-tooling-1.0.0-beta01-api.jar;C:\Users\Admin\.gradle\caches\transforms-2\files-2.1\8f6831b78612cb7311ff926c4ab13a93\jetified-material-1.0.0-beta01-api.jar;C:\Users\Admin\.gradle\caches\transforms-2\files-2.1\8e6d2a0901c04a83a18bea61c71ffe3f\jetified-material-ripple-1.0.0-beta01-api.jar;C:\Users\Admin\.gradle\caches\transforms-2\files-2.1\9998ebb6e9217bb0b9ba2a64b9db3a52\jetified-foundation-1.0.0-beta01-api.jar;C:\Users\Admin\.gradle\caches\transforms-2\files-2.1\5684efd2e15064d378a1ff30d2d0d243\jetified-lifecycle-viewmodel-compose-1.0.0-alpha02-api.jar;C:\Users\Admin\.gradle\caches\transforms-2\files-2.1\6d93aab515c489cba2f9e83256741a47\jetified-runtime-livedata-1.0.0-beta01-api.jar;C:\Users\Admin\.gradle\caches\transforms-2\files-2.1\a2b385cc5126f534aa2944ca1a1fed6f\jetified-runtime-rxjava2-1.0.0-beta01-api.jar;C:\Users\Admin\.gradle\caches\transforms-2\files-2.1\79b3c164d307382e797d8ce5e97b5d47\jetified-material-icons-extended-1.0.0-beta01-api.jar;C:\Users\Admin\.gradle\caches\transforms-2\files-2.1\e43f77782d23836ad28640b6cb900188\jetified-material-icons-core-1.0.0-beta01-api.jar;C:\Users\Admin\.gradle\caches\transforms-2\files-2.1\5f6d0496df6a7a39408893fe676e6021\jetified-ui-tooling-data-1.0.0-beta01-api.jar;C:\Users\Admin\.gradle\caches\transforms-2\files-2.1\825750ad4161b2534eebb029041d4811\jetified-animation-1.0.0-beta01-api.jar;C:\Users\Admin\.gradle\caches\transforms-2\files-2.1\d0b3cc6061d41bf6f86b97a238ede557\jetified-foundation-layout-1.0.0-beta01-api.jar;C:\Users\Admin\.gradle\caches\transforms-2\files-2.1\010c196d43e40f9d9410d608e5badde2\jetified-ui-1.0.0-beta01-api.jar;C:\Users\Admin\.gradle\caches\transforms-2\files-2.1\21337dad306112a00cf5710564c219b6\jetified-runtime-saveable-1.0.0-beta01-api.jar;C:\Users\Admin\.gradle\caches\transforms-2\files-2.1\193927a8b687a596bb085ac2e82d245e\jetified-runtime-1.0.0-beta01-api.jar;C:\Users\Admin\.gradle\caches\transforms-2\files-2.1\acb820217217f5ae9ca7efcef7a598cf\jetified-lifecycle-viewmodel-ktx-2.3.0-api.jar;C:\Users\Admin\.gradle\caches\transforms-2\files-2.1\16e699949747732edcbd55c855caa788\jetified-lifecycle-runtime-ktx-2.3.0-api.jar;C:\Users\Admin\.gradle\caches\transforms-2\files-2.1\4a021dbcc58107c1dbfcaf73923ccdec\jetified-kotlinx-coroutines-android-1.4.1.jar;C:\Users\Admin\.gradle\caches\transforms-2\files-2.1\448fe331481e843bb37dd6709130cb9c\jetified-animation-core-1.0.0-beta01-api.jar;C:\Users\Admin\.gradle\caches\transforms-2\files-2.1\90e9bd55a92e6827871e96ef3c48fd23\jetified-kotlinx-coroutines-core-jvm-1.4.1.jar;C:\Users\Admin\.gradle\caches\transforms-2\files-2.1\1a1e4d5240a8202a2b3ce468f7449344\jetified-savedstate-ktx-1.1.0-api.jar;C:\Users\Admin\.gradle\caches\transforms-2\files-2.1\e1fb1d88e5a0a0bd3d797ad40de5be5b\jetified-kotlin-stdlib-1.4.30.jar;C:\Users\Admin\.gradle\caches\transforms-2\files-2.1\dac7b8af2a2a2e805a7a20b9315ad5da\jetified-kotlin-stdlib-common-1.4.30.jar;C:\Users\Admin\.gradle\caches\transforms-2\files-2.1\99bea59ae8c2a5ddada238f6ad1e20a9\jetified-annotations-13.0.jar;C:\Users\Admin\.gradle\caches\transforms-2\files-2.1\dfb24fcb7546b0c19494b44a33341073\material-1.2.1-api.jar;C:\Users\Admin\.gradle\caches\transforms-2\files-2.1\4bbf96dea7a506c1772725c0135d26b2\constraintlayout-2.0.4-api.jar;C:\Users\Admin\.gradle\caches\transforms-2\files-2.1\ed0bcdf88223ec045877a7f24853c8ac\appcompat-1.3.0-beta01-api.jar;C:\Users\Admin\.gradle\caches\transforms-2\files-2.1\5985e14331493338c24c936920196c65\jetified-viewpager2-1.0.0-api.jar;C:\Users\Admin\.gradle\caches\transforms-2\files-2.1\ac6489739e0b5412f6c2606432769a2d\fragment-1.3.0-api.jar;C:\Users\Admin\.gradle\caches\transforms-2\files-2.1\8cff69e8d7688a8677077a04f05fe4ed\jetified-activity-1.3.0-alpha03-api.jar;C:\Users\Admin\.gradle\caches\transforms-2\files-2.1\ac21dca231c50481469055705d8aae1c\jetified-appcompat-resources-1.3.0-beta01-api.jar;C:\Users\Admin\.gradle\caches\transforms-2\files-2.1\b727001f3c259c9da3fe559a1e5f2d29\drawerlayout-1.0.0-api.jar;C:\Users\Admin\.gradle\caches\transforms-2\files-2.1\dbec3988c8b894560199dc133563781b\coordinatorlayout-1.1.0-api.jar;C:\Users\Admin\.gradle\caches\transforms-2\files-2.1\33cdacd4e0327cac2346c38cbd05be3d\recyclerview-1.1.0-api.jar;C:\Users\Admin\.gradle\caches\transforms-2\files-2.1\bb4ace2eee2107cb608d8ad5549832c4\transition-1.2.0-api.jar;C:\Users\Admin\.gradle\caches\transforms-2\files-2.1\b47a54f99655259baf08a13d363ad818\vectordrawable-animated-1.1.0-api.jar;C:\Users\Admin\.gradle\caches\transforms-2\files-2.1\d0f878d21409cff15a8a52a48f7ee2f8\vectordrawable-1.1.0-api.jar;C:\Users\Admin\.gradle\caches\transforms-2\files-2.1\b4640da2c97e9771315fbbe9ca70332c\viewpager-1.0.0-api.jar;C:\Users\Admin\.gradle\caches\transforms-2\files-2.1\961b3c83bf1d30bbb60de62f1339c259\loader-1.0.0-api.jar;C:\Users\Admin\.gradle\caches\transforms-2\files-2.1\c178916f5fd62c2565d952dfe5d2772c\customview-1.0.0-api.jar;C:\Users\Admin\.gradle\caches\transforms-2\files-2.1\319b87710ac6dede52a4be62162f378f\core-1.5.0-beta01-api.jar;C:\Users\Admin\.gradle\caches\transforms-2\files-2.1\36525ca7efd7ecf96e34fba7827c77e0\cursoradapter-1.0.0-api.jar;C:\Users\Admin\.gradle\caches\transforms-2\files-2.1\7d8a9959acb22b8c4f77424ea34b602c\jetified-lifecycle-viewmodel-savedstate-2.3.0-api.jar;C:\Users\Admin\.gradle\caches\transforms-2\files-2.1\411c9f664773611873c62d6f58852837\jetified-savedstate-1.1.0-api.jar;C:\Users\Admin\.gradle\caches\transforms-2\files-2.1\882556282a7dd27873ccf5b945f94b12\cardview-1.0.0-api.jar;C:\Users\Admin\.gradle\caches\transforms-2\files-2.1\bdeed2ec4b2329f18be0b81c5e7e8f46\lifecycle-runtime-2.3.0-api.jar;C:\Users\Admin\.gradle\caches\transforms-2\files-2.1\f62cdaad1bb065e45f643ed7019cd6f9\jetified-ui-text-1.0.0-beta01-api.jar;C:\Users\Admin\.gradle\caches\transforms-2\files-2.1\a12e10bc88c43bb0c83408d4bb9adbfb\jetified-ui-graphics-1.0.0-beta01-api.jar;C:\Users\Admin\.gradle\caches\transforms-2\files-2.1\66849afc4addafb6af40116f5f55baef\jetified-ui-unit-1.0.0-beta01-api.jar;C:\Users\Admin\.gradle\caches\transforms-2\files-2.1\0d315069394a6ce1f0461aca406e9f8a\jetified-ui-geometry-1.0.0-beta01-api.jar;C:\Users\Admin\.gradle\caches\transforms-2\files-2.1\046124414dd548e96cdf04972a334652\versionedparcelable-1.1.0-api.jar;C:\Users\Admin\.gradle\caches\transforms-2\files-2.1\9589051023a5ea2c006ee1e3c76e60d2\lifecycle-viewmodel-2.3.0-api.jar;C:\Users\Admin\.gradle\caches\modules-2\files-2.1\androidx.collection\collection\1.1.0\1f27220b47669781457de0d600849a5de0e89909\collection-1.1.0.jar;C:\Users\Admin\.gradle\caches\transforms-2\files-2.1\e3552f92c6564405244b3eac38e56a3e\lifecycle-livedata-2.2.0-api.jar;C:\Users\Admin\.gradle\caches\transforms-2\files-2.1\49f7686a6308bd9bb7dc1795b21c30ad\lifecycle-livedata-core-2.3.0-api.jar;C:\Users\Admin\.gradle\caches\modules-2\files-2.1\androidx.lifecycle\lifecycle-common\2.3.0\fc466261d52f4433863642fb40d12441ae274a98\lifecycle-common-2.3.0.jar;C:\Users\Admin\.gradle\caches\transforms-2\files-2.1\585360437965d78be9cb72309361af74\core-runtime-2.1.0-api.jar;C:\Users\Admin\.gradle\caches\modules-2\files-2.1\androidx.arch.core\core-common\2.1.0\b3152fc64428c9354344bd89848ecddc09b6f07e\core-common-2.1.0.jar;C:\Users\Admin\.gradle\caches\transforms-2\files-2.1\7eefc24bebd434786f8ae4f21cc0c0e1\interpolator-1.0.0-api.jar;C:\Users\Admin\.gradle\caches\modules-2\files-2.1\androidx.annotation\annotation\1.2.0-beta01\57136ff68ee784c6e19db34ed4a175338fadfde1\annotation-1.2.0-beta01.jar;C:\Users\Admin\.gradle\caches\transforms-2\files-2.1\c243adc556aa69bc33a8aedb6a3e3d55\jetified-annotation-experimental-1.0.0-api.jar;C:\Users\Admin\.gradle\caches\modules-2\files-2.1\androidx.constraintlayout\constraintlayout-solver\2.0.4\1f001d7db280a89a6c26b26a66eb064bb6d5efeb\constraintlayout-solver-2.0.4.jar;C:\Users\Admin\.gradle\caches\transforms-2\files-2.1\6534cccc87b27a2a4e00110f6b38e6c9\jetified-rxjava-2.2.9.jar;C:\Users\Admin\.gradle\caches\transforms-2\files-2.1\23c36f057f9c91af5348110000d73c68\jetified-reactive-streams-1.0.2.jar;C:\Users\Admin\AppData\Local\Android\Sdk\platforms\android-30\android.jar;C:\Users\Admin\AppData\Local\Android\Sdk\build-tools\30.0.3\core-lambda-stubs.jar -d E:\android\project\NewPracticeProject\app\build\tmp\kotlin-classes\debug -Xjava-source-roots=E:\android\project\NewPracticeProject\app\build\generated\source\buildConfig\debug,E:\android\project\NewPracticeProject\app\src\main\java -jvm-target 1.8 -module-name app_debug -no-jdk -no-reflect -no-stdlib -Xuse-ir -Xcommon-sources=E:\android\project\NewPracticeProject\app\src\main\java\com\chulan\newtestproject\activity\AvatarActivity.kt,E:\android\project\NewPracticeProject\app\src\main\java\com\chulan\newtestproject\activity\ClockActivity.kt,E:\android\project\NewPracticeProject\app\src\main\java\com\chulan\newtestproject\activity\FlipActivity.kt,E:\android\project\NewPracticeProject\app\src\main\java\com\chulan\newtestproject\activity\MultiPointerControlActivity.kt,E:\android\project\NewPracticeProject\app\src\main\java\com\chulan\newtestproject\activity\ScalableImageViewActivity.kt,E:\android\project\NewPracticeProject\app\src\main\java\com\chulan\newtestproject\activity\TagLayoutActivity.kt,E:\android\project\NewPracticeProject\app\src\main\java\com\chulan\newtestproject\activity\ViewPagerActivity.kt,E:\android\project\NewPracticeProject\app\src\main\java\com\chulan\newtestproject\examplecode\BloomFilter.java,E:\android\project\NewPracticeProject\app\src\main\java\com\chulan\newtestproject\examplecode\LruCache.java,E:\android\project\NewPracticeProject\app\src\main\java\com\chulan\newtestproject\ext\ExtActivityStarter.kt,E:\android\project\NewPracticeProject\app\src\main\java\com\chulan\newtestproject\MainActivity.kt,E:\android\project\NewPracticeProject\app\src\main\java\com\chulan\newtestproject\MainApplication.kt,E:\android\project\NewPracticeProject\app\src\main\java\com\chulan\newtestproject\specialstructure\BloomFilter.kt,E:\android\project\NewPracticeProject\app\src\main\java\com\chulan\newtestproject\specialstructure\LruCache.kt,E:\android\project\NewPracticeProject\app\src\main\java\com\chulan\newtestproject\specialstructure\Trie.kt,E:\android\project\NewPracticeProject\app\src\main\java\com\chulan\newtestproject\specialstructure\UnionFind.kt,E:\android\project\NewPracticeProject\app\src\main\java\com\chulan\newtestproject\TestMain.kt,E:\android\project\NewPracticeProject\app\src\main\java\com\chulan\newtestproject\TestMainJava.java,E:\android\project\NewPracticeProject\app\src\main\java\com\chulan\newtestproject\util\DisplayUtil.kt,E:\android\project\NewPracticeProject\app\src\main\java\com\chulan\newtestproject\util\ImageUtil.kt,E:\android\project\NewPracticeProject\app\src\main\java\com\chulan\newtestproject\util\OtherUtil.kt,E:\android\project\NewPracticeProject\app\src\main\java\com\chulan\newtestproject\util\TimeUtil.kt,E:\android\project\NewPracticeProject\app\src\main\java\com\chulan\newtestproject\view\AvatarView.kt,E:\android\project\NewPracticeProject\app\src\main\java\com\chulan\newtestproject\view\ClockView.kt,E:\android\project\NewPracticeProject\app\src\main\java\com\chulan\newtestproject\view\FlipView.kt,E:\android\project\NewPracticeProject\app\src\main\java\com\chulan\newtestproject\view\multipointercontrol\MultiPointerControlView1.kt,E:\android\project\NewPracticeProject\app\src\main\java\com\chulan\newtestproject\view\multipointercontrol\MultiPointerControlView2.kt,E:\android\project\NewPracticeProject\app\src\main\java\com\chulan\newtestproject\view\multipointercontrol\MultiPointerControlView3.kt,E:\android\project\NewPracticeProject\app\src\main\java\com\chulan\newtestproject\view\ScalableImageView.kt,E:\android\project\NewPracticeProject\app\src\main\java\com\chulan\newtestproject\view\TagLayout.kt,E:\android\project\NewPracticeProject\app\src\main\java\com\chulan\newtestproject\view\ViewPager.kt -Xplugin=C:\Users\Admin\.gradle\caches\modules-2\files-2.1\androidx.compose.compiler\compiler\1.0.0-beta05\9194c5c7d242c65dadd153e492adcf5ed7822728\compiler-1.0.0-beta05.jar -XXLanguage:+NonParenthesizedAnnotationsOnFunctionalTypes -P plugin:androidx.compose.plugins.idea:enabled=true -Xallow-jvm-ir-dependencies -P plugin:androidx.compose.compiler.plugins.kotlin:liveLiterals=true -P plugin:androidx.compose.compiler.plugins.kotlin:sourceInformation=true E:\android\project\NewPracticeProject\app\src\main\java\com\chulan\newtestproject\activity\AvatarActivity.kt E:\android\project\NewPracticeProject\app\src\main\java\com\chulan\newtestproject\activity\ClockActivity.kt E:\android\project\NewPracticeProject\app\src\main\java\com\chulan\newtestproject\activity\FlipActivity.kt E:\android\project\NewPracticeProject\app\src\main\java\com\chulan\newtestproject\activity\MultiPointerControlActivity.kt E:\android\project\NewPracticeProject\app\src\main\java\com\chulan\newtestproject\activity\ScalableImageViewActivity.kt E:\android\project\NewPracticeProject\app\src\main\java\com\chulan\newtestproject\activity\TagLayoutActivity.kt E:\android\project\NewPracticeProject\app\src\main\java\com\chulan\newtestproject\activity\ViewPagerActivity.kt E:\android\project\NewPracticeProject\app\src\main\java\com\chulan\newtestproject\ext\ExtActivityStarter.kt E:\android\project\NewPracticeProject\app\src\main\java\com\chulan\newtestproject\MainActivity.kt E:\android\project\NewPracticeProject\app\src\main\java\com\chulan\newtestproject\MainApplication.kt E:\android\project\NewPracticeProject\app\src\main\java\com\chulan\newtestproject\specialstructure\BloomFilter.kt E:\android\project\NewPracticeProject\app\src\main\java\com\chulan\newtestproject\specialstructure\LruCache.kt E:\android\project\NewPracticeProject\app\src\main\java\com\chulan\newtestproject\specialstructure\Trie.kt E:\android\project\NewPracticeProject\app\src\main\java\com\chulan\newtestproject\specialstructure\UnionFind.kt E:\android\project\NewPracticeProject\app\src\main\java\com\chulan\newtestproject\TestMain.kt E:\android\project\NewPracticeProject\app\src\main\java\com\chulan\newtestproject\util\DisplayUtil.kt E:\android\project\NewPracticeProject\app\src\main\java\com\chulan\newtestproject\util\ImageUtil.kt E:\android\project\NewPracticeProject\app\src\main\java\com\chulan\newtestproject\util\OtherUtil.kt E:\android\project\NewPracticeProject\app\src\main\java\com\chulan\newtestproject\util\TimeUtil.kt E:\android\project\NewPracticeProject\app\src\main\java\com\chulan\newtestproject\view\AvatarView.kt E:\android\project\NewPracticeProject\app\src\main\java\com\chulan\newtestproject\view\ClockView.kt E:\android\project\NewPracticeProject\app\src\main\java\com\chulan\newtestproject\view\FlipView.kt E:\android\project\NewPracticeProject\app\src\main\java\com\chulan\newtestproject\view\multipointercontrol\MultiPointerControlView1.kt E:\android\project\NewPracticeProject\app\src\main\java\com\chulan\newtestproject\view\multipointercontrol\MultiPointerControlView2.kt E:\android\project\NewPracticeProject\app\src\main\java\com\chulan\newtestproject\view\multipointercontrol\MultiPointerControlView3.kt E:\android\project\NewPracticeProject\app\src\main\java\com\chulan\newtestproject\view\ScalableImageView.kt E:\android\project\NewPracticeProject\app\src\main\java\com\chulan\newtestproject\view\TagLayout.kt E:\android\project\NewPracticeProject\app\src\main\java\com\chulan\newtestproject\view\ViewPager.kt

Host: Intel(R) Core(TM) i5-9400F CPU @ 2.90GHz, 6 cores, 15G,  Windows 10 , 64 bit Build 19041 (10.0.19041.928)
Time: Sun May 16 23:11:44 2021 中国标准时间 elapsed time: 0 seconds (0d 0h 0m 0s)

---------------  T H R E A D  ---------------

Current thread (0x000001770709d000):  JavaThread "Unknown thread" [_thread_in_vm, id=13332, stack(0x0000007543100000,0x0000007543200000)]

Stack: [0x0000007543100000,0x0000007543200000]
Native frames: (J=compiled Java code, j=interpreted, Vv=VM code, C=native code)
V  [jvm.dll+0x5de50a]
V  [jvm.dll+0x7122f5]
V  [jvm.dll+0x71384d]
V  [jvm.dll+0x713f03]
V  [jvm.dll+0x23e728]
V  [jvm.dll+0x5db9a4]
V  [jvm.dll+0x5d0ae5]
V  [jvm.dll+0x2fb20b]
V  [jvm.dll+0x2fb17a]
V  [jvm.dll+0x2fb052]
V  [jvm.dll+0x2fff16]
V  [jvm.dll+0x348743]
V  [jvm.dll+0x348e46]
V  [jvm.dll+0x348843]
V  [jvm.dll+0x2d5d68]
V  [jvm.dll+0x2d6f07]
V  [jvm.dll+0x6f11f7]
V  [jvm.dll+0x6f29ec]
V  [jvm.dll+0x355cb9]
V  [jvm.dll+0x6d4ade]
V  [jvm.dll+0x3bdfe3]
V  [jvm.dll+0x3c0201]
C  [jli.dll+0x5373]
C  [ucrtbase.dll+0x21bb2]
C  [KERNEL32.DLL+0x17034]
C  [ntdll.dll+0x52651]


---------------  P R O C E S S  ---------------

Threads class SMR info:
_java_thread_list=0x0000017706fd12b0, length=0, elements={
}

Java Threads: ( => current thread )

Other Threads:
  0x00000177091c8800 GCTaskThread "GC Thread#0" [stack: 0x0000007543200000,0x0000007543300000] [id=9452]
  0x0000017709223800 ConcurrentGCThread "G1 Main Marker" [stack: 0x0000007543300000,0x0000007543400000] [id=15056]
  0x0000017709225000 ConcurrentGCThread "G1 Conc#0" [stack: 0x0000007543400000,0x0000007543500000] [id=10692]

[error occurred during error reporting (printing all threads), id 0xc0000005, EXCEPTION_ACCESS_VIOLATION (0xc0000005) at pc=0x00007ffaa19a6357]

VM state:not at safepoint (not fully initialized)

VM Mutex/Monitor currently owned by a thread:  ([mutex/lock_event])
[0x00000177091b0070] Heap_lock - owner thread: 0x000001770709d000

Heap address: 0x0000000700a00000, size: 4086 MB, Compressed Oops mode: Non-zero based: 0x0000000700a00000
Narrow klass base: 0x0000000000000000, Narrow klass shift: 0

GC Heap History (0 events):
No events

Deoptimization events (0 events):
No events

Classes redefined (0 events):
No events

Internal exceptions (0 events):
No events

Events (1 events):
Event: 0.007 Loaded shared library E:\Application\android-studio-ide-202.7188722-windows\android-studio\jre\bin\zip.dll


Dynamic libraries:
0x00007ff60ada0000 - 0x00007ff60adaa000 	E:\Application\android-studio-ide-202.7188722-windows\android-studio\jre\bin\java.exe
0x00007ffaf91b0000 - 0x00007ffaf93a5000 	C:\WINDOWS\SYSTEM32\ntdll.dll
0x00007ffaf8b70000 - 0x00007ffaf8c2d000 	C:\WINDOWS\System32\KERNEL32.DLL
0x00007ffaf6cb0000 - 0x00007ffaf6f78000 	C:\WINDOWS\System32\KERNELBASE.dll
0x00007ffaf4220000 - 0x00007ffaf42b0000 	C:\WINDOWS\SYSTEM32\apphelp.dll
0x00007ffaf7110000 - 0x00007ffaf7210000 	C:\WINDOWS\System32\ucrtbase.dll
0x00007ffac1f80000 - 0x00007ffac1f99000 	E:\Application\android-studio-ide-202.7188722-windows\android-studio\jre\bin\jli.dll
0x00007ffac27e0000 - 0x00007ffac27f7000 	E:\Application\android-studio-ide-202.7188722-windows\android-studio\jre\bin\VCRUNTIME140.dll
0x00007ffaf7c40000 - 0x00007ffaf7de0000 	C:\WINDOWS\System32\USER32.dll
0x00007ffaf6f80000 - 0x00007ffaf6fa2000 	C:\WINDOWS\System32\win32u.dll
0x00007ffaf8ff0000 - 0x00007ffaf901a000 	C:\WINDOWS\System32\GDI32.dll
0x00007ffaf6fb0000 - 0x00007ffaf70bb000 	C:\WINDOWS\System32\gdi32full.dll
0x00007ffaf6980000 - 0x00007ffaf6a1d000 	C:\WINDOWS\System32\msvcp_win.dll
0x00007ffae4e80000 - 0x00007ffae511a000 	C:\WINDOWS\WinSxS\amd64_microsoft.windows.common-controls_6595b64144ccf1df_6.0.19041.844_none_ca00b6081b84eb1d\COMCTL32.dll
0x00007ffaf7b20000 - 0x00007ffaf7bbe000 	C:\WINDOWS\System32\msvcrt.dll
0x00007ffaf9140000 - 0x00007ffaf9170000 	C:\WINDOWS\System32\IMM32.DLL
0x00007ffaaee20000 - 0x00007ffaaeebd000 	E:\Application\android-studio-ide-202.7188722-windows\android-studio\jre\bin\msvcp140.dll
0x00007ffaa16c0000 - 0x00007ffaa217c000 	E:\Application\android-studio-ide-202.7188722-windows\android-studio\jre\bin\server\jvm.dll
0x00007ffaf8ac0000 - 0x00007ffaf8b6c000 	C:\WINDOWS\System32\ADVAPI32.dll
0x00007ffaf8e80000 - 0x00007ffaf8f1b000 	C:\WINDOWS\System32\sechost.dll
0x00007ffaf86d0000 - 0x00007ffaf87fb000 	C:\WINDOWS\System32\RPCRT4.dll
0x00007ffaf8c30000 - 0x00007ffaf8c38000 	C:\WINDOWS\System32\PSAPI.DLL
0x00007ffae6730000 - 0x00007ffae6739000 	C:\WINDOWS\SYSTEM32\WSOCK32.dll
0x00007ffaf8800000 - 0x00007ffaf886b000 	C:\WINDOWS\System32\WS2_32.dll
0x00007ffaf63b0000 - 0x00007ffaf63ba000 	C:\WINDOWS\SYSTEM32\VERSION.dll
0x00007ffae7d40000 - 0x00007ffae7d67000 	C:\WINDOWS\SYSTEM32\WINMM.dll
0x00007ffaf47e0000 - 0x00007ffaf47f2000 	C:\WINDOWS\SYSTEM32\kernel.appcore.dll
0x00007ffae0ff0000 - 0x00007ffae1001000 	E:\Application\android-studio-ide-202.7188722-windows\android-studio\jre\bin\verify.dll
0x00007ffae4c50000 - 0x00007ffae4e34000 	C:\WINDOWS\SYSTEM32\DBGHELP.DLL
0x00007ffae24a0000 - 0x00007ffae24cc000 	C:\WINDOWS\SYSTEM32\dbgcore.DLL
0x00007ffaf6c30000 - 0x00007ffaf6cb0000 	C:\WINDOWS\System32\bcryptPrimitives.dll
0x00007ffad7890000 - 0x00007ffad78b9000 	E:\Application\android-studio-ide-202.7188722-windows\android-studio\jre\bin\java.dll
0x00007ffae2260000 - 0x00007ffae226b000 	E:\Application\android-studio-ide-202.7188722-windows\android-studio\jre\bin\jimage.dll
0x00007ffae0f30000 - 0x00007ffae0f48000 	E:\Application\android-studio-ide-202.7188722-windows\android-studio\jre\bin\zip.dll

dbghelp: loaded successfully - version: 4.0.5 - missing functions: none
symbol engine: initialized successfully - sym options: 0x614 - pdb path: .;E:\Application\android-studio-ide-202.7188722-windows\android-studio\jre\bin;C:\WINDOWS\SYSTEM32;C:\WINDOWS\WinSxS\amd64_microsoft.windows.common-controls_6595b64144ccf1df_6.0.19041.844_none_ca00b6081b84eb1d;E:\Application\android-studio-ide-202.7188722-windows\android-studio\jre\bin\server

VM Arguments:
java_command: org.jetbrains.kotlin.cli.jvm.K2JVMCompiler -Xallow-no-source-files -classpath E:\android\project\NewPracticeProject\app\build\intermediates\compile_and_runtime_not_namespaced_r_class_jar\debug\R.jar;C:\Users\Admin\.gradle\caches\transforms-2\files-2.1\768f4017ed5d90fdbee39c432ea961d3\jetified-activity-compose-1.3.0-alpha03-api.jar;C:\Users\Admin\.gradle\caches\transforms-2\files-2.1\8fbc55b4bcd0ef0d69b296e0ca850d4e\jetified-activity-ktx-1.3.0-alpha03-api.jar;C:\Users\Admin\.gradle\caches\transforms-2\files-2.1\4853222d9961a97a5505b2a76062d55b\jetified-core-ktx-1.2.0-api.jar;C:\Users\Admin\.gradle\caches\transforms-2\files-2.1\f3aa43329fa90a82682b791f153fbb39\jetified-compose-runtime-0.1.0-dev14-api.jar;C:\Users\Admin\.gradle\caches\transforms-2\files-2.1\4d5dfd2979608bf2093af2a8237add27\jetified-ui-tooling-1.0.0-beta01-api.jar;C:\Users\Admin\.gradle\caches\transforms-2\files-2.1\8f6831b78612cb7311ff926c4ab13a93\jetified-material-1.0.0-beta01-api.jar;C:\Users\Admin\.gradle\caches\transforms-2\files-2.1\8e6d2a0901c04a83a18bea61c71ffe3f\jetified-material-ripple-1.0.0-beta01-api.jar;C:\Users\Admin\.gradle\caches\transforms-2\files-2.1\9998ebb6e9217bb0b9ba2a64b9db3a52\jetified-foundation-1.0.0-beta01-api.jar;C:\Users\Admin\.gradle\caches\transforms-2\files-2.1\5684efd2e15064d378a1ff30d2d0d243\jetified-lifecycle-viewmodel-compose-1.0.0-alpha02-api.jar;C:\Users\Admin\.gradle\caches\transforms-2\files-2.1\6d93aab515c489cba2f9e83256741a47\jetified-runtime-livedata-1.0.0-beta01-api.jar;C:\Users\Admin\.gradle\caches\transforms-2\files-2.1\a2b385cc5126f534aa2944ca1a1fed6f\jetified-runtime-rxjava2-1.0.0-beta01-api.jar;C:\Users\Admin\.gradle\caches\transforms-2\files-2.1\79b3c164d307382e797d8ce5e97b5d47\jetified-material-icons-extended-1.0.0-beta01-api.jar;C:\Users\Admin\.gradle\caches\transforms-2\files-2.1\e43f77782d23836ad28640b6cb900188\jetified-material-icons-core-1.0.0-beta01-api.jar;C:\Users\Admin\.gradle\caches\transforms-2\files-2.1\5f6d0496df6a7a39408893
java_class_path (initial): C:\Users\Admin\.gradle\caches\modules-2\files-2.1\org.jetbrains.kotlin\kotlin-compiler-embeddable\1.4.32\b4fc9be460ca88eecea2303e142ce2920bd14775\kotlin-compiler-embeddable-1.4.32.jar;C:\Users\Admin\.gradle\caches\modules-2\files-2.1\org.jetbrains.kotlin\kotlin-reflect\1.4.32\ce852b166d97f0f1991b5130c2bb02e2ef6c554e\kotlin-reflect-1.4.32.jar;C:\Users\Admin\.gradle\caches\modules-2\files-2.1\org.jetbrains.kotlin\kotlin-stdlib\1.4.32\461367948840adbb0839c51d91ed74ef4a9ccb52\kotlin-stdlib-1.4.32.jar;C:\Users\Admin\.gradle\caches\modules-2\files-2.1\org.jetbrains.kotlin\kotlin-script-runtime\1.4.32\bac50b0748be017dbc13fc1cb7231b1c9da0e106\kotlin-script-runtime-1.4.32.jar;C:\Users\Admin\.gradle\caches\modules-2\files-2.1\org.jetbrains.kotlin\kotlin-daemon-embeddable\1.4.32\b40c5de5adea26ebb4e5fc36945c482ac20acee2\kotlin-daemon-embeddable-1.4.32.jar;C:\Users\Admin\.gradle\caches\modules-2\files-2.1\org.jetbrains.intellij.deps\trove4j\1.0.20181211\216c2e14b070f334479d800987affe4054cd563f\trove4j-1.0.20181211.jar;C:\Users\Admin\.gradle\caches\modules-2\files-2.1\org.jetbrains.kotlin\kotlin-stdlib-common\1.4.32\ef50bfa2c0491a11dcc35d9822edbfd6170e1ea2\kotlin-stdlib-common-1.4.32.jar;C:\Users\Admin\.gradle\caches\modules-2\files-2.1\org.jetbrains\annotations\13.0\919f0dfe192fb4e063e7dacadee7f8bb9a2672a9\annotations-13.0.jar
Launcher Type: SUN_STANDARD

[Global flags]
     intx CICompilerCount                          = 3                                         {product} {ergonomic}
     uint ConcGCThreads                            = 2                                         {product} {ergonomic}
     uint G1ConcRefinementThreads                  = 6                                         {product} {ergonomic}
   size_t G1HeapRegionSize                         = 1048576                                   {product} {ergonomic}
    uintx GCDrainStackTargetSize                   = 64                                        {product} {ergonomic}
   size_t InitialHeapSize                          = 268435456                                 {product} {ergonomic}
   size_t MarkStackSize                            = 4194304                                   {product} {ergonomic}
   size_t MaxHeapSize                              = 4284481536                                {product} {ergonomic}
   size_t MinHeapDeltaBytes                        = 1048576                                   {product} {ergonomic}
    uintx NonNMethodCodeHeapSize                   = 5830732                                {pd product} {ergonomic}
    uintx NonProfiledCodeHeapSize                  = 122913754                              {pd product} {ergonomic}
    uintx ProfiledCodeHeapSize                     = 122913754                              {pd product} {ergonomic}
    uintx ReservedCodeCacheSize                    = 251658240                              {pd product} {ergonomic}
     bool SegmentedCodeCache                       = true                                      {product} {ergonomic}
     bool UseCompressedClassPointers               = true                                 {lp64_product} {ergonomic}
     bool UseCompressedOops                        = true                                 {lp64_product} {ergonomic}
     bool UseG1GC                                  = true                                      {product} {ergonomic}
     bool UseLargePagesIndividualAllocation        = false                                  {pd product} {ergonomic}

Logging:
Log output configuration:
 #0: stdout all=warning uptime,level,tags
 #1: stderr all=off uptime,level,tags

Environment Variables:
CLASSPATH=D:\develop\environment\jdk\bin;%Java_Home%\lib\dt.jar;D:\develop\environment\jdk\lib\tools.jar
PATH=C:\Program Files (x86)\Common Files\Oracle\Java\javapath;C:\Windows\system32;C:\Windows;C:\Windows\System32\Wbem;C:\Windows\System32\WindowsPowerShell\v1.0\;C:\Windows\System32\OpenSSH\;C:\Program Files\NVIDIA Corporation\NVIDIA NvDLISR;D:\develop\environment\jdk\bin;D:\develop\environment\jdk\jre\bin;D:\develop\tools\Git\cmd;C:\Users\Admin\AppData\Local\Android\Sdk\platform-tools;C:\Users\Admin\AppData\Local\Android\Sdk\tools;D:\develop\environment\flutter\flutter\bin;;C:\WINDOWS\system32;C:\WINDOWS;C:\WINDOWS\System32\Wbem;C:\WINDOWS\System32\WindowsPowerShell\v1.0\;C:\WINDOWS\System32\OpenSSH\;C:\Users\Admin\AppData\Local\Microsoft\WindowsApps;D:\Application\;D:\Application\Microsoft VS Code\bin;
USERNAME=Admin
OS=Windows_NT
PROCESSOR_IDENTIFIER=Intel64 Family 6 Model 158 Stepping 10, GenuineIntel



---------------  S Y S T E M  ---------------

OS: Windows 10 , 64 bit Build 19041 (10.0.19041.928)
OS uptime: 0 days 12:51 hours

CPU:total 6 (initial active 6) (6 cores per cpu, 1 threads per core) family 6 model 158 stepping 10, cmov, cx8, fxsr, mmx, sse, sse2, sse3, ssse3, sse4.1, sse4.2, popcnt, avx, avx2, aes, clmul, erms, 3dnowpref, lzcnt, tsc, tscinvbit, bmi1, bmi2, adx, fma

Memory: 4k page, system-wide physical 16341M (1389M free)
TotalPageFile size 24533M (AvailPageFile size 18M)
current process WorkingSet (physical memory assigned to process): 11M, peak: 11M
current process commit charge ("private bytes"): 56M, peak: 312M

vm_info: OpenJDK 64-Bit Server VM (11.0.8+10-b944.6842174) for windows-amd64 JRE (11.0.8+10-b944.6842174), built on Sep 19 2020 01:11:42 by "builder" with MS VC++ 14.0 (VS2015)

END.
